$ C:\Users\elisa\AppData\Local\Programs\Python\Python313\python.exe construir_caches.py
(cwd=C:\Users\elisa\Desktop\PIV MEMORIA)

C:\Users\elisa\AppData\Local\Programs\Python\Python313\Lib\site-packages\win10toast\__init__.py:15: UserWarning: pkg_resources is deprecated as an API. See https://setuptools.pypa.io/en/latest/pkg_resources.html. The pkg_resources package is slated for removal as early as 2025-11-30. Refrain from using this package or pin to Setuptools<81.
  from pkg_resources import Requirement
Carpetas encontradas: 20


=======================================================
  m70-toma-2-n-3000-car-02-piv
  🔨 L/m70-toma-2-n-3000-car-02-piv  (665 frames) [proyección]
      frame 0/665...
      frame 100/665...
      frame 200/665...
      frame 300/665...
      frame 400/665...
      frame 500/665...
      frame 600/665...
  ℹ NaN residual en frames con material:  0.0% (huecos > 3 pts no rellenados)
  💾 Guardado: m70-toma-2-n-3000-car-02-piv_completo.npz
  🔨 L/m70-toma-2-n-3000-car-02-piv  (665 frames) [magnitud]
      frame 0/665...
      frame 100/665...
      frame 200/665...
      frame 300/665...
      frame 400/665...
      frame 500/665...
      frame 600/665...
  ℹ NaN residual en frames con material:  0.0% (huecos > 3 pts no rellenados)
  💾 Guardado: m70-toma-2-n-3000-car-02-piv_completo_mag.npz
  🔨 viga175/m70-toma-2-n-3000-car-02-piv  (665 frames) [proyección]
      frame 0/665...
      frame 100/665...
      frame 200/665...
      frame 300/665...
      frame 400/665...
      frame 500/665...
      frame 600/665...
  ℹ 24/665 frames sin material en la línea (guardados como NaN, eje temporal completo)
  💾 Guardado: viga175_m70-toma-2-n-3000-car-02-piv_completo.npz
  🔨 viga175/m70-toma-2-n-3000-car-02-piv  (665 frames) [magnitud]
      frame 0/665...
      frame 100/665...
      frame 200/665...
      frame 300/665...
      frame 400/665...
      frame 500/665...
      frame 600/665...
  ℹ 24/665 frames sin material en la línea (guardados como NaN, eje temporal completo)
  💾 Guardado: viga175_m70-toma-2-n-3000-car-02-piv_completo_mag.npz
  🔨 viga250/m70-toma-2-n-3000-car-02-piv  (665 frames) [proyección]
      frame 0/665...
      frame 100/665...
      frame 200/665...
      frame 300/665...
      frame 400/665...
      frame 500/665...
      frame 600/665...
  ℹ 32/665 frames sin material en la línea (guardados como NaN, eje temporal completo)
  💾 Guardado: viga250_m70-toma-2-n-3000-car-02-piv_completo.npz
  🔨 viga250/m70-toma-2-n-3000-car-02-piv  (665 frames) [magnitud]
      frame 0/665...
      frame 100/665...
      frame 200/665...
      frame 300/665...
      frame 400/665...
      frame 500/665...
      frame 600/665...
  ℹ 32/665 frames sin material en la línea (guardados como NaN, eje temporal completo)
  💾 Guardado: viga250_m70-toma-2-n-3000-car-02-piv_completo_mag.npz

=======================================================
  m71-toma-1-n-0000-car-02-piv
  🔨 L/m71-toma-1-n-0000-car-02-piv  (665 frames) [proyección]
      frame 0/665...
      frame 100/665...
      frame 200/665...
      frame 300/665...
      frame 400/665...
      frame 500/665...
      frame 600/665...
  ℹ NaN residual en frames con material:  0.0% (huecos > 3 pts no rellenados)
  💾 Guardado: m71-toma-1-n-0000-car-02-piv_completo.npz
  🔨 L/m71-toma-1-n-0000-car-02-piv  (665 frames) [magnitud]
      frame 0/665...
      frame 100/665...
      frame 200/665...
      frame 300/665...
      frame 400/665...
      frame 500/665...
      frame 600/665...
  ℹ NaN residual en frames con material:  0.0% (huecos > 3 pts no rellenados)
  💾 Guardado: m71-toma-1-n-0000-car-02-piv_completo_mag.npz
  🔨 viga175/m71-toma-1-n-0000-car-02-piv  (665 frames) [proyección]
      frame 0/665...
      frame 100/665...
      frame 200/665...
      frame 300/665...
      frame 400/665...
      frame 500/665...
      frame 600/665...
  ℹ 56/665 frames sin material en la línea (guardados como NaN, eje temporal completo)
  💾 Guardado: viga175_m71-toma-1-n-0000-car-02-piv_completo.npz
  🔨 viga175/m71-toma-1-n-0000-car-02-piv  (665 frames) [magnitud]
      frame 0/665...
      frame 100/665...
      frame 200/665...
      frame 300/665...
      frame 400/665...
      frame 500/665...
      frame 600/665...
  ℹ 56/665 frames sin material en la línea (guardados como NaN, eje temporal completo)
  💾 Guardado: viga175_m71-toma-1-n-0000-car-02-piv_completo_mag.npz
  🔨 viga250/m71-toma-1-n-0000-car-02-piv  (665 frames) [proyección]
      frame 0/665...
      frame 100/665...
      frame 200/665...
      frame 300/665...
      frame 400/665...
      frame 500/665...
      frame 600/665...
  ℹ 68/665 frames sin material en la línea (guardados como NaN, eje temporal completo)
  💾 Guardado: viga250_m71-toma-1-n-0000-car-02-piv_completo.npz
  🔨 viga250/m71-toma-1-n-0000-car-02-piv  (665 frames) [magnitud]
      frame 0/665...
      frame 100/665...
      frame 200/665...
      frame 300/665...
      frame 400/665...
      frame 500/665...
      frame 600/665...
  ℹ 68/665 frames sin material en la línea (guardados como NaN, eje temporal completo)
  💾 Guardado: viga250_m71-toma-1-n-0000-car-02-piv_completo_mag.npz

=======================================================
  m71-toma-2-n-0000-car-02-piv
  🔨 L/m71-toma-2-n-0000-car-02-piv  (665 frames) [proyección]
      frame 0/665...
      frame 100/665...
      frame 200/665...
      frame 300/665...
      frame 400/665...
      frame 500/665...
      frame 600/665...
  ℹ NaN residual en frames con material:  0.0% (huecos > 3 pts no rellenados)
  💾 Guardado: m71-toma-2-n-0000-car-02-piv_completo.npz
  🔨 L/m71-toma-2-n-0000-car-02-piv  (665 frames) [magnitud]
      frame 0/665...
      frame 100/665...
      frame 200/665...
      frame 300/665...
      frame 400/665...
      frame 500/665...
      frame 600/665...
  ℹ NaN residual en frames con material:  0.0% (huecos > 3 pts no rellenados)
  💾 Guardado: m71-toma-2-n-0000-car-02-piv_completo_mag.npz
  🔨 viga175/m71-toma-2-n-0000-car-02-piv  (665 frames) [proyección]
      frame 0/665...
      frame 100/665...
      frame 200/665...
      frame 300/665...
      frame 400/665...
      frame 500/665...
      frame 600/665...
  ℹ 15/665 frames sin material en la línea (guardados como NaN, eje temporal completo)
  💾 Guardado: viga175_m71-toma-2-n-0000-car-02-piv_completo.npz
  🔨 viga175/m71-toma-2-n-0000-car-02-piv  (665 frames) [magnitud]
      frame 0/665...
      frame 100/665...
      frame 200/665...
      frame 300/665...
      frame 400/665...
      frame 500/665...
      frame 600/665...
  ℹ 15/665 frames sin material en la línea (guardados como NaN, eje temporal completo)
  💾 Guardado: viga175_m71-toma-2-n-0000-car-02-piv_completo_mag.npz
  🔨 viga250/m71-toma-2-n-0000-car-02-piv  (665 frames) [proyección]
      frame 0/665...
      frame 100/665...
      frame 200/665...
      frame 300/665...
      frame 400/665...
      frame 500/665...
      frame 600/665...
  ℹ 29/665 frames sin material en la línea (guardados como NaN, eje temporal completo)
  💾 Guardado: viga250_m71-toma-2-n-0000-car-02-piv_completo.npz
  🔨 viga250/m71-toma-2-n-0000-car-02-piv  (665 frames) [magnitud]
      frame 0/665...
      frame 100/665...
      frame 200/665...
      frame 300/665...
      frame 400/665...
      frame 500/665...
      frame 600/665...
  ℹ 29/665 frames sin material en la línea (guardados como NaN, eje temporal completo)
  💾 Guardado: viga250_m71-toma-2-n-0000-car-02-piv_completo_mag.npz

=======================================================
  m73-toma-2-n-1500-car-02-piv
  🔨 L/m73-toma-2-n-1500-car-02-piv  (665 frames) [proyección]
      frame 0/665...
      frame 100/665...
      frame 200/665...
      frame 300/665...
      frame 400/665...
      frame 500/665...
      frame 600/665...
  ℹ NaN residual en frames con material:  0.0% (huecos > 3 pts no rellenados)
  💾 Guardado: m73-toma-2-n-1500-car-02-piv_completo.npz
  🔨 L/m73-toma-2-n-1500-car-02-piv  (665 frames) [magnitud]
      frame 0/665...
      frame 100/665...
      frame 200/665...
      frame 300/665...
      frame 400/665...
      frame 500/665...
      frame 600/665...
  ℹ NaN residual en frames con material:  0.0% (huecos > 3 pts no rellenados)
  💾 Guardado: m73-toma-2-n-1500-car-02-piv_completo_mag.npz
  🔨 viga175/m73-toma-2-n-1500-car-02-piv  (665 frames) [proyección]
      frame 0/665...
      frame 100/665...
      frame 200/665...
      frame 300/665...
      frame 400/665...
      frame 500/665...
      frame 600/665...
  ℹ 49/665 frames sin material en la línea (guardados como NaN, eje temporal completo)
  💾 Guardado: viga175_m73-toma-2-n-1500-car-02-piv_completo.npz
  🔨 viga175/m73-toma-2-n-1500-car-02-piv  (665 frames) [magnitud]
      frame 0/665...
      frame 100/665...
      frame 200/665...
      frame 300/665...
      frame 400/665...
      frame 500/665...
      frame 600/665...
  ℹ 49/665 frames sin material en la línea (guardados como NaN, eje temporal completo)
  💾 Guardado: viga175_m73-toma-2-n-1500-car-02-piv_completo_mag.npz
  🔨 viga250/m73-toma-2-n-1500-car-02-piv  (665 frames) [proyección]
      frame 0/665...
      frame 100/665...
      frame 200/665...
      frame 300/665...
      frame 400/665...
      frame 500/665...
      frame 600/665...
  ℹ 55/665 frames sin material en la línea (guardados como NaN, eje temporal completo)
  💾 Guardado: viga250_m73-toma-2-n-1500-car-02-piv_completo.npz
  🔨 viga250/m73-toma-2-n-1500-car-02-piv  (665 frames) [magnitud]
      frame 0/665...
      frame 100/665...
      frame 200/665...
      frame 300/665...
      frame 400/665...
      frame 500/665...
      frame 600/665...
  ℹ 55/665 frames sin material en la línea (guardados como NaN, eje temporal completo)
  💾 Guardado: viga250_m73-toma-2-n-1500-car-02-piv_completo_mag.npz

=======================================================
  m74-toma-2-n-0750-car-02-piv
  🔨 L/m74-toma-2-n-0750-car-02-piv  (665 frames) [proyección]
      frame 0/665...
      frame 100/665...
      frame 200/665...
      frame 300/665...
      frame 400/665...
      frame 500/665...
      frame 600/665...
  ℹ NaN residual en frames con material:  0.0% (huecos > 3 pts no rellenados)
  💾 Guardado: m74-toma-2-n-0750-car-02-piv_completo.npz
  🔨 L/m74-toma-2-n-0750-car-02-piv  (665 frames) [magnitud]
      frame 0/665...
      frame 100/665...
      frame 200/665...
      frame 300/665...
      frame 400/665...
      frame 500/665...
      frame 600/665...
  ℹ NaN residual en frames con material:  0.0% (huecos > 3 pts no rellenados)
  💾 Guardado: m74-toma-2-n-0750-car-02-piv_completo_mag.npz
  🔨 viga175/m74-toma-2-n-0750-car-02-piv  (665 frames) [proyección]
      frame 0/665...
      frame 100/665...
      frame 200/665...
      frame 300/665...
      frame 400/665...
      frame 500/665...
      frame 600/665...
  ℹ 44/665 frames sin material en la línea (guardados como NaN, eje temporal completo)
  💾 Guardado: viga175_m74-toma-2-n-0750-car-02-piv_completo.npz
  🔨 viga175/m74-toma-2-n-0750-car-02-piv  (665 frames) [magnitud]
      frame 0/665...
      frame 100/665...
      frame 200/665...
      frame 300/665...
      frame 400/665...
      frame 500/665...
      frame 600/665...
  ℹ 44/665 frames sin material en la línea (guardados como NaN, eje temporal completo)
  💾 Guardado: viga175_m74-toma-2-n-0750-car-02-piv_completo_mag.npz
  🔨 viga250/m74-toma-2-n-0750-car-02-piv  (665 frames) [proyección]
      frame 0/665...
      frame 100/665...
      frame 200/665...
      frame 300/665...
      frame 400/665...
      frame 500/665...
      frame 600/665...
  ℹ 52/665 frames sin material en la línea (guardados como NaN, eje temporal completo)
  💾 Guardado: viga250_m74-toma-2-n-0750-car-02-piv_completo.npz
  🔨 viga250/m74-toma-2-n-0750-car-02-piv  (665 frames) [magnitud]
      frame 0/665...
      frame 100/665...
      frame 200/665...
      frame 300/665...
      frame 400/665...
      frame 500/665...
      frame 600/665...
  ℹ 52/665 frames sin material en la línea (guardados como NaN, eje temporal completo)
  💾 Guardado: viga250_m74-toma-2-n-0750-car-02-piv_completo_mag.npz

=======================================================
  m75-toma-2-n-0750-car-02-piv
  🔨 L/m75-toma-2-n-0750-car-02-piv  (665 frames) [proyección]
      frame 0/665...
      frame 100/665...
      frame 200/665...
      frame 300/665...
      frame 400/665...
      frame 500/665...
      frame 600/665...
  ℹ NaN residual en frames con material:  0.0% (huecos > 3 pts no rellenados)
  💾 Guardado: m75-toma-2-n-0750-car-02-piv_completo.npz
  🔨 L/m75-toma-2-n-0750-car-02-piv  (665 frames) [magnitud]
      frame 0/665...
      frame 100/665...
      frame 200/665...
      frame 300/665...
      frame 400/665...
      frame 500/665...
      frame 600/665...
  ℹ NaN residual en frames con material:  0.0% (huecos > 3 pts no rellenados)
  💾 Guardado: m75-toma-2-n-0750-car-02-piv_completo_mag.npz
  🔨 viga175/m75-toma-2-n-0750-car-02-piv  (665 frames) [proyección]
      frame 0/665...
      frame 100/665...
      frame 200/665...
      frame 300/665...
      frame 400/665...
      frame 500/665...
      frame 600/665...
  ℹ 24/665 frames sin material en la línea (guardados como NaN, eje temporal completo)
  💾 Guardado: viga175_m75-toma-2-n-0750-car-02-piv_completo.npz
  🔨 viga175/m75-toma-2-n-0750-car-02-piv  (665 frames) [magnitud]
      frame 0/665...
      frame 100/665...
      frame 200/665...
      frame 300/665...
      frame 400/665...
      frame 500/665...
      frame 600/665...
  ℹ 24/665 frames sin material en la línea (guardados como NaN, eje temporal completo)
  💾 Guardado: viga175_m75-toma-2-n-0750-car-02-piv_completo_mag.npz
  🔨 viga250/m75-toma-2-n-0750-car-02-piv  (665 frames) [proyección]
      frame 0/665...
      frame 100/665...
      frame 200/665...
      frame 300/665...
      frame 400/665...
      frame 500/665...
      frame 600/665...
  ℹ 32/665 frames sin material en la línea (guardados como NaN, eje temporal completo)
  💾 Guardado: viga250_m75-toma-2-n-0750-car-02-piv_completo.npz
  🔨 viga250/m75-toma-2-n-0750-car-02-piv  (665 frames) [magnitud]
      frame 0/665...
      frame 100/665...
      frame 200/665...
      frame 300/665...
      frame 400/665...
      frame 500/665...
      frame 600/665...
  ℹ 32/665 frames sin material en la línea (guardados como NaN, eje temporal completo)
  💾 Guardado: viga250_m75-toma-2-n-0750-car-02-piv_completo_mag.npz

=======================================================
  m77-toma-2-n-1500-car-02-piv
  🔨 L/m77-toma-2-n-1500-car-02-piv  (665 frames) [proyección]
      frame 0/665...
      frame 100/665...
      frame 200/665...
      frame 300/665...
      frame 400/665...
      frame 500/665...
      frame 600/665...
  ℹ NaN residual en frames con material:  0.0% (huecos > 3 pts no rellenados)
  💾 Guardado: m77-toma-2-n-1500-car-02-piv_completo.npz
  🔨 L/m77-toma-2-n-1500-car-02-piv  (665 frames) [magnitud]
      frame 0/665...
      frame 100/665...
      frame 200/665...
      frame 300/665...
      frame 400/665...
      frame 500/665...
      frame 600/665...
  ℹ NaN residual en frames con material:  0.0% (huecos > 3 pts no rellenados)
  💾 Guardado: m77-toma-2-n-1500-car-02-piv_completo_mag.npz
  🔨 viga175/m77-toma-2-n-1500-car-02-piv  (665 frames) [proyección]
      frame 0/665...
      frame 100/665...
      frame 200/665...
      frame 300/665...
      frame 400/665...
      frame 500/665...
      frame 600/665...
  ℹ 34/665 frames sin material en la línea (guardados como NaN, eje temporal completo)
  💾 Guardado: viga175_m77-toma-2-n-1500-car-02-piv_completo.npz
  🔨 viga175/m77-toma-2-n-1500-car-02-piv  (665 frames) [magnitud]
      frame 0/665...
      frame 100/665...
      frame 200/665...
      frame 300/665...
      frame 400/665...
      frame 500/665...
      frame 600/665...
  ℹ 34/665 frames sin material en la línea (guardados como NaN, eje temporal completo)
  💾 Guardado: viga175_m77-toma-2-n-1500-car-02-piv_completo_mag.npz
  🔨 viga250/m77-toma-2-n-1500-car-02-piv  (665 frames) [proyección]
      frame 0/665...
      frame 100/665...
      frame 200/665...
      frame 300/665...
      frame 400/665...
      frame 500/665...
      frame 600/665...
  ℹ 63/665 frames sin material en la línea (guardados como NaN, eje temporal completo)
  💾 Guardado: viga250_m77-toma-2-n-1500-car-02-piv_completo.npz
  🔨 viga250/m77-toma-2-n-1500-car-02-piv  (665 frames) [magnitud]
      frame 0/665...
      frame 100/665...
      frame 200/665...
      frame 300/665...
      frame 400/665...
      frame 500/665...
      frame 600/665...
  ℹ 63/665 frames sin material en la línea (guardados como NaN, eje temporal completo)
  💾 Guardado: viga250_m77-toma-2-n-1500-car-02-piv_completo_mag.npz

=======================================================
  m80-toma-2-n-3000-car-02-piv
  🔨 L/m80-toma-2-n-3000-car-02-piv  (665 frames) [proyección]
      frame 0/665...
      frame 100/665...
      frame 200/665...
      frame 300/665...
      frame 400/665...
      frame 500/665...
      frame 600/665...
  ℹ NaN residual en frames con material:  0.0% (huecos > 3 pts no rellenados)
  💾 Guardado: m80-toma-2-n-3000-car-02-piv_completo.npz
  🔨 L/m80-toma-2-n-3000-car-02-piv  (665 frames) [magnitud]
      frame 0/665...
      frame 100/665...
      frame 200/665...
      frame 300/665...
      frame 400/665...
      frame 500/665...
      frame 600/665...
  ℹ NaN residual en frames con material:  0.0% (huecos > 3 pts no rellenados)
  💾 Guardado: m80-toma-2-n-3000-car-02-piv_completo_mag.npz
  🔨 viga175/m80-toma-2-n-3000-car-02-piv  (665 frames) [proyección]
      frame 0/665...
      frame 100/665...
      frame 200/665...
      frame 300/665...
      frame 400/665...
      frame 500/665...
      frame 600/665...
  ℹ 32/665 frames sin material en la línea (guardados como NaN, eje temporal completo)
  💾 Guardado: viga175_m80-toma-2-n-3000-car-02-piv_completo.npz
  🔨 viga175/m80-toma-2-n-3000-car-02-piv  (665 frames) [magnitud]
      frame 0/665...
      frame 100/665...
      frame 200/665...
      frame 300/665...
      frame 400/665...
      frame 500/665...
      frame 600/665...
  ℹ 32/665 frames sin material en la línea (guardados como NaN, eje temporal completo)
  💾 Guardado: viga175_m80-toma-2-n-3000-car-02-piv_completo_mag.npz
  🔨 viga250/m80-toma-2-n-3000-car-02-piv  (665 frames) [proyección]
      frame 0/665...
      frame 100/665...
      frame 200/665...
      frame 300/665...
      frame 400/665...
      frame 500/665...
      frame 600/665...
  ℹ 47/665 frames sin material en la línea (guardados como NaN, eje temporal completo)
  💾 Guardado: viga250_m80-toma-2-n-3000-car-02-piv_completo.npz
  🔨 viga250/m80-toma-2-n-3000-car-02-piv  (665 frames) [magnitud]
      frame 0/665...
      frame 100/665...
      frame 200/665...
      frame 300/665...
      frame 400/665...
      frame 500/665...
      frame 600/665...
  ℹ 47/665 frames sin material en la línea (guardados como NaN, eje temporal completo)
  💾 Guardado: viga250_m80-toma-2-n-3000-car-02-piv_completo_mag.npz

=======================================================
  m82-toma-1-n-0000-car-02-piv
  🔨 L/m82-toma-1-n-0000-car-02-piv  (665 frames) [proyección]
      frame 0/665...
      frame 100/665...
      frame 200/665...
      frame 300/665...
      frame 400/665...
      frame 500/665...
      frame 600/665...
  ℹ NaN residual en frames con material:  0.0% (huecos > 3 pts no rellenados)
  💾 Guardado: m82-toma-1-n-0000-car-02-piv_completo.npz
  🔨 L/m82-toma-1-n-0000-car-02-piv  (665 frames) [magnitud]
      frame 0/665...
      frame 100/665...
      frame 200/665...
      frame 300/665...
      frame 400/665...
      frame 500/665...
      frame 600/665...
  ℹ NaN residual en frames con material:  0.0% (huecos > 3 pts no rellenados)
  💾 Guardado: m82-toma-1-n-0000-car-02-piv_completo_mag.npz
  🔨 viga175/m82-toma-1-n-0000-car-02-piv  (665 frames) [proyección]
      frame 0/665...
      frame 100/665...
      frame 200/665...
      frame 300/665...
      frame 400/665...
      frame 500/665...
      frame 600/665...
  ℹ 60/665 frames sin material en la línea (guardados como NaN, eje temporal completo)
  💾 Guardado: viga175_m82-toma-1-n-0000-car-02-piv_completo.npz
  🔨 viga175/m82-toma-1-n-0000-car-02-piv  (665 frames) [magnitud]
      frame 0/665...
      frame 100/665...
      frame 200/665...
      frame 300/665...
      frame 400/665...
      frame 500/665...
      frame 600/665...
  ℹ 60/665 frames sin material en la línea (guardados como NaN, eje temporal completo)
  💾 Guardado: viga175_m82-toma-1-n-0000-car-02-piv_completo_mag.npz
  🔨 viga250/m82-toma-1-n-0000-car-02-piv  (665 frames) [proyección]
      frame 0/665...
      frame 100/665...
      frame 200/665...
      frame 300/665...
      frame 400/665...
      frame 500/665...
      frame 600/665...
  ℹ 78/665 frames sin material en la línea (guardados como NaN, eje temporal completo)
  💾 Guardado: viga250_m82-toma-1-n-0000-car-02-piv_completo.npz
  🔨 viga250/m82-toma-1-n-0000-car-02-piv  (665 frames) [magnitud]
      frame 0/665...
      frame 100/665...
      frame 200/665...
      frame 300/665...
      frame 400/665...
      frame 500/665...
      frame 600/665...
  ℹ 78/665 frames sin material en la línea (guardados como NaN, eje temporal completo)
  💾 Guardado: viga250_m82-toma-1-n-0000-car-02-piv_completo_mag.npz

=======================================================
  m82-toma-2-n-0000-car-02-piv
  🔨 L/m82-toma-2-n-0000-car-02-piv  (665 frames) [proyección]
      frame 0/665...
      frame 100/665...
      frame 200/665...
      frame 300/665...
      frame 400/665...
      frame 500/665...
      frame 600/665...
  ℹ NaN residual en frames con material:  0.0% (huecos > 3 pts no rellenados)
  💾 Guardado: m82-toma-2-n-0000-car-02-piv_completo.npz
  🔨 L/m82-toma-2-n-0000-car-02-piv  (665 frames) [magnitud]
      frame 0/665...
      frame 100/665...
      frame 200/665...
      frame 300/665...
      frame 400/665...
      frame 500/665...
      frame 600/665...
  ℹ NaN residual en frames con material:  0.0% (huecos > 3 pts no rellenados)
  💾 Guardado: m82-toma-2-n-0000-car-02-piv_completo_mag.npz
  🔨 viga175/m82-toma-2-n-0000-car-02-piv  (665 frames) [proyección]
      frame 0/665...
      frame 100/665...
      frame 200/665...
      frame 300/665...
      frame 400/665...
      frame 500/665...
      frame 600/665...
  ℹ 109/665 frames sin material en la línea (guardados como NaN, eje temporal completo)
  💾 Guardado: viga175_m82-toma-2-n-0000-car-02-piv_completo.npz
  🔨 viga175/m82-toma-2-n-0000-car-02-piv  (665 frames) [magnitud]
      frame 0/665...
      frame 100/665...
      frame 200/665...
      frame 300/665...
      frame 400/665...
      frame 500/665...
      frame 600/665...
  ℹ 109/665 frames sin material en la línea (guardados como NaN, eje temporal completo)
  💾 Guardado: viga175_m82-toma-2-n-0000-car-02-piv_completo_mag.npz
  🔨 viga250/m82-toma-2-n-0000-car-02-piv  (665 frames) [proyección]
      frame 0/665...
      frame 100/665...
      frame 200/665...
      frame 300/665...
      frame 400/665...
      frame 500/665...
      frame 600/665...
  ℹ 125/665 frames sin material en la línea (guardados como NaN, eje temporal completo)
  💾 Guardado: viga250_m82-toma-2-n-0000-car-02-piv_completo.npz
  🔨 viga250/m82-toma-2-n-0000-car-02-piv  (665 frames) [magnitud]
      frame 0/665...
      frame 100/665...
      frame 200/665...
      frame 300/665...
      frame 400/665...
      frame 500/665...
      frame 600/665...
  ℹ 125/665 frames sin material en la línea (guardados como NaN, eje temporal completo)
  💾 Guardado: viga250_m82-toma-2-n-0000-car-02-piv_completo_mag.npz

=======================================================
  m83-toma-2-n-3000-car-05-piv
  🔨 L/m83-toma-2-n-3000-car-05-piv  (1245 frames) [proyección]
      frame 0/1245...
      frame 100/1245...
      frame 200/1245...
      frame 300/1245...
      frame 400/1245...
      frame 500/1245...
      frame 600/1245...
      frame 700/1245...
      frame 800/1245...
      frame 900/1245...
      frame 1000/1245...
      frame 1100/1245...
      frame 1200/1245...
  ℹ NaN residual en frames con material:  0.0% (huecos > 3 pts no rellenados)
  💾 Guardado: m83-toma-2-n-3000-car-05-piv_completo.npz
  🔨 L/m83-toma-2-n-3000-car-05-piv  (1245 frames) [magnitud]
      frame 0/1245...
      frame 100/1245...
      frame 200/1245...
      frame 300/1245...
      frame 400/1245...
      frame 500/1245...
      frame 600/1245...
      frame 700/1245...
      frame 800/1245...
      frame 900/1245...
      frame 1000/1245...
      frame 1100/1245...
      frame 1200/1245...
  ℹ NaN residual en frames con material:  0.0% (huecos > 3 pts no rellenados)
  💾 Guardado: m83-toma-2-n-3000-car-05-piv_completo_mag.npz
  🔨 viga175/m83-toma-2-n-3000-car-05-piv  (1245 frames) [proyección]
      frame 0/1245...
      frame 100/1245...
      frame 200/1245...
      frame 300/1245...
      frame 400/1245...
      frame 500/1245...
      frame 600/1245...
      frame 700/1245...
      frame 800/1245...
      frame 900/1245...
      frame 1000/1245...
      frame 1100/1245...
      frame 1200/1245...
  ℹ 104/1245 frames sin material en la línea (guardados como NaN, eje temporal completo)
  💾 Guardado: viga175_m83-toma-2-n-3000-car-05-piv_completo.npz
  🔨 viga175/m83-toma-2-n-3000-car-05-piv  (1245 frames) [magnitud]
      frame 0/1245...
      frame 100/1245...
      frame 200/1245...
      frame 300/1245...
      frame 400/1245...
      frame 500/1245...
      frame 600/1245...
      frame 700/1245...
      frame 800/1245...
      frame 900/1245...
      frame 1000/1245...
      frame 1100/1245...
      frame 1200/1245...
  ℹ 104/1245 frames sin material en la línea (guardados como NaN, eje temporal completo)
  💾 Guardado: viga175_m83-toma-2-n-3000-car-05-piv_completo_mag.npz
  🔨 viga250/m83-toma-2-n-3000-car-05-piv  (1245 frames) [proyección]
      frame 0/1245...
      frame 100/1245...
      frame 200/1245...
      frame 300/1245...
      frame 400/1245...
      frame 500/1245...
      frame 600/1245...
      frame 700/1245...
      frame 800/1245...
      frame 900/1245...
      frame 1000/1245...
      frame 1100/1245...
      frame 1200/1245...
  ℹ 334/1245 frames sin material en la línea (guardados como NaN, eje temporal completo)
  💾 Guardado: viga250_m83-toma-2-n-3000-car-05-piv_completo.npz
  🔨 viga250/m83-toma-2-n-3000-car-05-piv  (1245 frames) [magnitud]
      frame 0/1245...
      frame 100/1245...
      frame 200/1245...
      frame 300/1245...
      frame 400/1245...
      frame 500/1245...
      frame 600/1245...
      frame 700/1245...
      frame 800/1245...
      frame 900/1245...
      frame 1000/1245...
      frame 1100/1245...
      frame 1200/1245...
  ℹ 334/1245 frames sin material en la línea (guardados como NaN, eje temporal completo)
  💾 Guardado: viga250_m83-toma-2-n-3000-car-05-piv_completo_mag.npz

=======================================================
  m86-toma-2-n-0750-car-05-piv
  🔨 L/m86-toma-2-n-0750-car-05-piv  (1245 frames) [proyección]
      frame 0/1245...
      frame 100/1245...
      frame 200/1245...
      frame 300/1245...
      frame 400/1245...
      frame 500/1245...
      frame 600/1245...
      frame 700/1245...
      frame 800/1245...
      frame 900/1245...
      frame 1000/1245...
      frame 1100/1245...
      frame 1200/1245...
  ℹ NaN residual en frames con material:  0.0% (huecos > 3 pts no rellenados)
  💾 Guardado: m86-toma-2-n-0750-car-05-piv_completo.npz
  🔨 L/m86-toma-2-n-0750-car-05-piv  (1245 frames) [magnitud]
      frame 0/1245...
      frame 100/1245...
      frame 200/1245...
      frame 300/1245...
      frame 400/1245...
      frame 500/1245...
      frame 600/1245...
      frame 700/1245...
      frame 800/1245...
      frame 900/1245...
      frame 1000/1245...
      frame 1100/1245...
      frame 1200/1245...
  ℹ NaN residual en frames con material:  0.0% (huecos > 3 pts no rellenados)
  💾 Guardado: m86-toma-2-n-0750-car-05-piv_completo_mag.npz
  🔨 viga175/m86-toma-2-n-0750-car-05-piv  (1245 frames) [proyección]
      frame 0/1245...
      frame 100/1245...
      frame 200/1245...
      frame 300/1245...
      frame 400/1245...
      frame 500/1245...
      frame 600/1245...
      frame 700/1245...
      frame 800/1245...
      frame 900/1245...
      frame 1000/1245...
      frame 1100/1245...
      frame 1200/1245...
  ℹ 122/1245 frames sin material en la línea (guardados como NaN, eje temporal completo)
  💾 Guardado: viga175_m86-toma-2-n-0750-car-05-piv_completo.npz
  🔨 viga175/m86-toma-2-n-0750-car-05-piv  (1245 frames) [magnitud]
      frame 0/1245...
      frame 100/1245...
      frame 200/1245...
      frame 300/1245...
      frame 400/1245...
      frame 500/1245...
      frame 600/1245...
      frame 700/1245...
      frame 800/1245...
      frame 900/1245...
      frame 1000/1245...
      frame 1100/1245...
      frame 1200/1245...
  ℹ 122/1245 frames sin material en la línea (guardados como NaN, eje temporal completo)
  💾 Guardado: viga175_m86-toma-2-n-0750-car-05-piv_completo_mag.npz
  🔨 viga250/m86-toma-2-n-0750-car-05-piv  (1245 frames) [proyección]
      frame 0/1245...
      frame 100/1245...
      frame 200/1245...
      frame 300/1245...
      frame 400/1245...
      frame 500/1245...
      frame 600/1245...
      frame 700/1245...
      frame 800/1245...
      frame 900/1245...
      frame 1000/1245...
      frame 1100/1245...
      frame 1200/1245...
  ℹ 385/1245 frames sin material en la línea (guardados como NaN, eje temporal completo)
  💾 Guardado: viga250_m86-toma-2-n-0750-car-05-piv_completo.npz
  🔨 viga250/m86-toma-2-n-0750-car-05-piv  (1245 frames) [magnitud]
      frame 0/1245...
      frame 100/1245...
      frame 200/1245...
      frame 300/1245...
      frame 400/1245...
      frame 500/1245...
      frame 600/1245...
      frame 700/1245...
      frame 800/1245...
      frame 900/1245...
      frame 1000/1245...
      frame 1100/1245...
      frame 1200/1245...
  ℹ 385/1245 frames sin material en la línea (guardados como NaN, eje temporal completo)
  💾 Guardado: viga250_m86-toma-2-n-0750-car-05-piv_completo_mag.npz

=======================================================
  m87-toma-2-n-0750-car-05-piv
  🔨 L/m87-toma-2-n-0750-car-05-piv  (1245 frames) [proyección]
      frame 0/1245...
      frame 100/1245...
      frame 200/1245...
      frame 300/1245...
      frame 400/1245...
      frame 500/1245...
      frame 600/1245...
      frame 700/1245...
      frame 800/1245...
      frame 900/1245...
      frame 1000/1245...
      frame 1100/1245...
      frame 1200/1245...
  ℹ NaN residual en frames con material:  0.0% (huecos > 3 pts no rellenados)
  💾 Guardado: m87-toma-2-n-0750-car-05-piv_completo.npz
  🔨 L/m87-toma-2-n-0750-car-05-piv  (1245 frames) [magnitud]
      frame 0/1245...
      frame 100/1245...
      frame 200/1245...
      frame 300/1245...
      frame 400/1245...
      frame 500/1245...
      frame 600/1245...
      frame 700/1245...
      frame 800/1245...
      frame 900/1245...
      frame 1000/1245...
      frame 1100/1245...
      frame 1200/1245...
  ℹ NaN residual en frames con material:  0.0% (huecos > 3 pts no rellenados)
  💾 Guardado: m87-toma-2-n-0750-car-05-piv_completo_mag.npz
  🔨 viga175/m87-toma-2-n-0750-car-05-piv  (1245 frames) [proyección]
      frame 0/1245...
      frame 100/1245...
      frame 200/1245...
      frame 300/1245...
      frame 400/1245...
      frame 500/1245...
      frame 600/1245...
      frame 700/1245...
      frame 800/1245...
      frame 900/1245...
      frame 1000/1245...
      frame 1100/1245...
      frame 1200/1245...
  ℹ 144/1245 frames sin material en la línea (guardados como NaN, eje temporal completo)
  💾 Guardado: viga175_m87-toma-2-n-0750-car-05-piv_completo.npz
  🔨 viga175/m87-toma-2-n-0750-car-05-piv  (1245 frames) [magnitud]
      frame 0/1245...
      frame 100/1245...
      frame 200/1245...
      frame 300/1245...
      frame 400/1245...
      frame 500/1245...
      frame 600/1245...
      frame 700/1245...
      frame 800/1245...
      frame 900/1245...
      frame 1000/1245...
      frame 1100/1245...
      frame 1200/1245...
  ℹ 144/1245 frames sin material en la línea (guardados como NaN, eje temporal completo)
  💾 Guardado: viga175_m87-toma-2-n-0750-car-05-piv_completo_mag.npz
  🔨 viga250/m87-toma-2-n-0750-car-05-piv  (1245 frames) [proyección]
      frame 0/1245...
      frame 100/1245...
      frame 200/1245...
      frame 300/1245...
      frame 400/1245...
      frame 500/1245...
      frame 600/1245...
      frame 700/1245...
      frame 800/1245...
      frame 900/1245...
      frame 1000/1245...
      frame 1100/1245...
      frame 1200/1245...
  ℹ 377/1245 frames sin material en la línea (guardados como NaN, eje temporal completo)
  💾 Guardado: viga250_m87-toma-2-n-0750-car-05-piv_completo.npz
  🔨 viga250/m87-toma-2-n-0750-car-05-piv  (1245 frames) [magnitud]
      frame 0/1245...
      frame 100/1245...
      frame 200/1245...
      frame 300/1245...
      frame 400/1245...
      frame 500/1245...
      frame 600/1245...
      frame 700/1245...
      frame 800/1245...
      frame 900/1245...
      frame 1000/1245...
      frame 1100/1245...
      frame 1200/1245...
  ℹ 377/1245 frames sin material en la línea (guardados como NaN, eje temporal completo)
  💾 Guardado: viga250_m87-toma-2-n-0750-car-05-piv_completo_mag.npz

=======================================================
  m91-toma-2-n-3000-car-05-piv
  🔨 L/m91-toma-2-n-3000-car-05-piv  (1245 frames) [proyección]
      frame 0/1245...
      frame 100/1245...
      frame 200/1245...
      frame 300/1245...
      frame 400/1245...
      frame 500/1245...
      frame 600/1245...
      frame 700/1245...
      frame 800/1245...
      frame 900/1245...
      frame 1000/1245...
      frame 1100/1245...
      frame 1200/1245...
  ℹ NaN residual en frames con material:  0.0% (huecos > 3 pts no rellenados)
  💾 Guardado: m91-toma-2-n-3000-car-05-piv_completo.npz
  🔨 L/m91-toma-2-n-3000-car-05-piv  (1245 frames) [magnitud]
      frame 0/1245...
      frame 100/1245...
      frame 200/1245...
      frame 300/1245...
      frame 400/1245...
      frame 500/1245...
      frame 600/1245...
      frame 700/1245...
      frame 800/1245...
      frame 900/1245...
      frame 1000/1245...
      frame 1100/1245...
      frame 1200/1245...
  ℹ NaN residual en frames con material:  0.0% (huecos > 3 pts no rellenados)
  💾 Guardado: m91-toma-2-n-3000-car-05-piv_completo_mag.npz
  🔨 viga175/m91-toma-2-n-3000-car-05-piv  (1245 frames) [proyección]
      frame 0/1245...
      frame 100/1245...
      frame 200/1245...
      frame 300/1245...
      frame 400/1245...
      frame 500/1245...
      frame 600/1245...
      frame 700/1245...
      frame 800/1245...
      frame 900/1245...
      frame 1000/1245...
      frame 1100/1245...
      frame 1200/1245...
  ℹ 133/1245 frames sin material en la línea (guardados como NaN, eje temporal completo)
  💾 Guardado: viga175_m91-toma-2-n-3000-car-05-piv_completo.npz
  🔨 viga175/m91-toma-2-n-3000-car-05-piv  (1245 frames) [magnitud]
      frame 0/1245...
      frame 100/1245...
      frame 200/1245...
      frame 300/1245...
      frame 400/1245...
      frame 500/1245...
      frame 600/1245...
      frame 700/1245...
      frame 800/1245...
      frame 900/1245...
      frame 1000/1245...
      frame 1100/1245...
      frame 1200/1245...
  ℹ 133/1245 frames sin material en la línea (guardados como NaN, eje temporal completo)
  💾 Guardado: viga175_m91-toma-2-n-3000-car-05-piv_completo_mag.npz
  🔨 viga250/m91-toma-2-n-3000-car-05-piv  (1245 frames) [proyección]
      frame 0/1245...
      frame 100/1245...
      frame 200/1245...
      frame 300/1245...
      frame 400/1245...
      frame 500/1245...
      frame 600/1245...
      frame 700/1245...
      frame 800/1245...
      frame 900/1245...
      frame 1000/1245...
      frame 1100/1245...
      frame 1200/1245...
  ℹ 348/1245 frames sin material en la línea (guardados como NaN, eje temporal completo)
  💾 Guardado: viga250_m91-toma-2-n-3000-car-05-piv_completo.npz
  🔨 viga250/m91-toma-2-n-3000-car-05-piv  (1245 frames) [magnitud]
      frame 0/1245...
      frame 100/1245...
      frame 200/1245...
      frame 300/1245...
      frame 400/1245...
      frame 500/1245...
      frame 600/1245...
      frame 700/1245...
      frame 800/1245...
      frame 900/1245...
      frame 1000/1245...
      frame 1100/1245...
      frame 1200/1245...
  ℹ 348/1245 frames sin material en la línea (guardados como NaN, eje temporal completo)
  💾 Guardado: viga250_m91-toma-2-n-3000-car-05-piv_completo_mag.npz

=======================================================
  m92-toma-1-n-0000-car-05-piv
  🔨 L/m92-toma-1-n-0000-car-05-piv  (1245 frames) [proyección]
      frame 0/1245...
      frame 100/1245...
      frame 200/1245...
      frame 300/1245...
      frame 400/1245...
      frame 500/1245...
      frame 600/1245...
      frame 700/1245...
      frame 800/1245...
      frame 900/1245...
      frame 1000/1245...
      frame 1100/1245...
      frame 1200/1245...
  ℹ NaN residual en frames con material:  0.0% (huecos > 3 pts no rellenados)
  💾 Guardado: m92-toma-1-n-0000-car-05-piv_completo.npz
  🔨 L/m92-toma-1-n-0000-car-05-piv  (1245 frames) [magnitud]
      frame 0/1245...
      frame 100/1245...
      frame 200/1245...
      frame 300/1245...
      frame 400/1245...
      frame 500/1245...
      frame 600/1245...
      frame 700/1245...
      frame 800/1245...
      frame 900/1245...
      frame 1000/1245...
      frame 1100/1245...
      frame 1200/1245...
  ℹ NaN residual en frames con material:  0.0% (huecos > 3 pts no rellenados)
  💾 Guardado: m92-toma-1-n-0000-car-05-piv_completo_mag.npz
  🔨 viga175/m92-toma-1-n-0000-car-05-piv  (1245 frames) [proyección]
      frame 0/1245...
      frame 100/1245...
      frame 200/1245...
      frame 300/1245...
      frame 400/1245...
      frame 500/1245...
      frame 600/1245...
      frame 700/1245...
      frame 800/1245...
      frame 900/1245...
      frame 1000/1245...
      frame 1100/1245...
      frame 1200/1245...
  ℹ 108/1245 frames sin material en la línea (guardados como NaN, eje temporal completo)
  💾 Guardado: viga175_m92-toma-1-n-0000-car-05-piv_completo.npz
  🔨 viga175/m92-toma-1-n-0000-car-05-piv  (1245 frames) [magnitud]
      frame 0/1245...
      frame 100/1245...
      frame 200/1245...
      frame 300/1245...
      frame 400/1245...
      frame 500/1245...
      frame 600/1245...
      frame 700/1245...
      frame 800/1245...
      frame 900/1245...
      frame 1000/1245...
      frame 1100/1245...
      frame 1200/1245...
  ℹ 108/1245 frames sin material en la línea (guardados como NaN, eje temporal completo)
  💾 Guardado: viga175_m92-toma-1-n-0000-car-05-piv_completo_mag.npz
  🔨 viga250/m92-toma-1-n-0000-car-05-piv  (1245 frames) [proyección]
      frame 0/1245...
      frame 100/1245...
      frame 200/1245...
      frame 300/1245...
      frame 400/1245...
      frame 500/1245...
      frame 600/1245...
      frame 700/1245...
      frame 800/1245...
      frame 900/1245...
      frame 1000/1245...
      frame 1100/1245...
      frame 1200/1245...
  ℹ 357/1245 frames sin material en la línea (guardados como NaN, eje temporal completo)
  💾 Guardado: viga250_m92-toma-1-n-0000-car-05-piv_completo.npz
  🔨 viga250/m92-toma-1-n-0000-car-05-piv  (1245 frames) [magnitud]
      frame 0/1245...
      frame 100/1245...
      frame 200/1245...
      frame 300/1245...
      frame 400/1245...
      frame 500/1245...
      frame 600/1245...
      frame 700/1245...
      frame 800/1245...
      frame 900/1245...
      frame 1000/1245...
      frame 1100/1245...
      frame 1200/1245...
  ℹ 357/1245 frames sin material en la línea (guardados como NaN, eje temporal completo)
  💾 Guardado: viga250_m92-toma-1-n-0000-car-05-piv_completo_mag.npz

=======================================================
  m92-toma-2-n-0000-car-05-piv
  🔨 L/m92-toma-2-n-0000-car-05-piv  (1245 frames) [proyección]
      frame 0/1245...
      frame 100/1245...
      frame 200/1245...
      frame 300/1245...
      frame 400/1245...
      frame 500/1245...
      frame 600/1245...
      frame 700/1245...
      frame 800/1245...
      frame 900/1245...
      frame 1000/1245...
      frame 1100/1245...
      frame 1200/1245...
  ℹ NaN residual en frames con material:  0.0% (huecos > 3 pts no rellenados)
  💾 Guardado: m92-toma-2-n-0000-car-05-piv_completo.npz
  🔨 L/m92-toma-2-n-0000-car-05-piv  (1245 frames) [magnitud]
      frame 0/1245...
      frame 100/1245...
      frame 200/1245...
      frame 300/1245...
      frame 400/1245...
      frame 500/1245...
      frame 600/1245...
      frame 700/1245...
      frame 800/1245...
      frame 900/1245...
      frame 1000/1245...
      frame 1100/1245...
      frame 1200/1245...
  ℹ NaN residual en frames con material:  0.0% (huecos > 3 pts no rellenados)
  💾 Guardado: m92-toma-2-n-0000-car-05-piv_completo_mag.npz
  🔨 viga175/m92-toma-2-n-0000-car-05-piv  (1245 frames) [proyección]
      frame 0/1245...
      frame 100/1245...
      frame 200/1245...
      frame 300/1245...
      frame 400/1245...
      frame 500/1245...
      frame 600/1245...
      frame 700/1245...
      frame 800/1245...
      frame 900/1245...
      frame 1000/1245...
      frame 1100/1245...
      frame 1200/1245...
  ℹ 114/1245 frames sin material en la línea (guardados como NaN, eje temporal completo)
  💾 Guardado: viga175_m92-toma-2-n-0000-car-05-piv_completo.npz
  🔨 viga175/m92-toma-2-n-0000-car-05-piv  (1245 frames) [magnitud]
      frame 0/1245...
      frame 100/1245...
      frame 200/1245...
      frame 300/1245...
      frame 400/1245...
      frame 500/1245...
      frame 600/1245...
      frame 700/1245...
      frame 800/1245...
      frame 900/1245...
      frame 1000/1245...
      frame 1100/1245...
      frame 1200/1245...
  ℹ 114/1245 frames sin material en la línea (guardados como NaN, eje temporal completo)
  💾 Guardado: viga175_m92-toma-2-n-0000-car-05-piv_completo_mag.npz
  🔨 viga250/m92-toma-2-n-0000-car-05-piv  (1245 frames) [proyección]
      frame 0/1245...
      frame 100/1245...
      frame 200/1245...
      frame 300/1245...
      frame 400/1245...
      frame 500/1245...
      frame 600/1245...
      frame 700/1245...
      frame 800/1245...
      frame 900/1245...
      frame 1000/1245...
      frame 1100/1245...
      frame 1200/1245...
  ℹ 368/1245 frames sin material en la línea (guardados como NaN, eje temporal completo)
  💾 Guardado: viga250_m92-toma-2-n-0000-car-05-piv_completo.npz
  🔨 viga250/m92-toma-2-n-0000-car-05-piv  (1245 frames) [magnitud]
      frame 0/1245...
      frame 100/1245...
      frame 200/1245...
      frame 300/1245...
      frame 400/1245...
      frame 500/1245...
      frame 600/1245...
      frame 700/1245...
      frame 800/1245...
      frame 900/1245...
      frame 1000/1245...
      frame 1100/1245...
      frame 1200/1245...
  ℹ 368/1245 frames sin material en la línea (guardados como NaN, eje temporal completo)
  💾 Guardado: viga250_m92-toma-2-n-0000-car-05-piv_completo_mag.npz

=======================================================
  m93-toma-1-n-0000-car-05-piv
  🔨 L/m93-toma-1-n-0000-car-05-piv  (1245 frames) [proyección]
      frame 0/1245...
      frame 100/1245...
      frame 200/1245...
      frame 300/1245...
      frame 400/1245...
      frame 500/1245...
      frame 600/1245...
      frame 700/1245...
      frame 800/1245...
      frame 900/1245...
      frame 1000/1245...
      frame 1100/1245...
      frame 1200/1245...
  ℹ NaN residual en frames con material:  0.0% (huecos > 3 pts no rellenados)
  💾 Guardado: m93-toma-1-n-0000-car-05-piv_completo.npz
  🔨 L/m93-toma-1-n-0000-car-05-piv  (1245 frames) [magnitud]
      frame 0/1245...
      frame 100/1245...
      frame 200/1245...
      frame 300/1245...
      frame 400/1245...
      frame 500/1245...
      frame 600/1245...
      frame 700/1245...
      frame 800/1245...
      frame 900/1245...
      frame 1000/1245...
      frame 1100/1245...
      frame 1200/1245...
  ℹ NaN residual en frames con material:  0.0% (huecos > 3 pts no rellenados)
  💾 Guardado: m93-toma-1-n-0000-car-05-piv_completo_mag.npz
  🔨 viga175/m93-toma-1-n-0000-car-05-piv  (1245 frames) [proyección]
      frame 0/1245...
      frame 100/1245...
      frame 200/1245...
      frame 300/1245...
      frame 400/1245...
      frame 500/1245...
      frame 600/1245...
      frame 700/1245...
      frame 800/1245...
      frame 900/1245...
      frame 1000/1245...
      frame 1100/1245...
      frame 1200/1245...
  ℹ 647/1245 frames sin material en la línea (guardados como NaN, eje temporal completo)
  💾 Guardado: viga175_m93-toma-1-n-0000-car-05-piv_completo.npz
  🔨 viga175/m93-toma-1-n-0000-car-05-piv  (1245 frames) [magnitud]
      frame 0/1245...
      frame 100/1245...
      frame 200/1245...
      frame 300/1245...
      frame 400/1245...
      frame 500/1245...
      frame 600/1245...
      frame 700/1245...
      frame 800/1245...
      frame 900/1245...
      frame 1000/1245...
      frame 1100/1245...
      frame 1200/1245...
  ℹ 647/1245 frames sin material en la línea (guardados como NaN, eje temporal completo)
  💾 Guardado: viga175_m93-toma-1-n-0000-car-05-piv_completo_mag.npz
  🔨 viga250/m93-toma-1-n-0000-car-05-piv  (1245 frames) [proyección]
      frame 0/1245...
      frame 100/1245...
      frame 200/1245...
      frame 300/1245...
      frame 400/1245...
      frame 500/1245...
      frame 600/1245...
      frame 700/1245...
      frame 800/1245...
      frame 900/1245...
      frame 1000/1245...
      frame 1100/1245...
      frame 1200/1245...
  ℹ 1124/1245 frames sin material en la línea (guardados como NaN, eje temporal completo)
  💾 Guardado: viga250_m93-toma-1-n-0000-car-05-piv_completo.npz
  🔨 viga250/m93-toma-1-n-0000-car-05-piv  (1245 frames) [magnitud]
      frame 0/1245...
      frame 100/1245...
      frame 200/1245...
      frame 300/1245...
      frame 400/1245...
      frame 500/1245...
      frame 600/1245...
      frame 700/1245...
      frame 800/1245...
      frame 900/1245...
      frame 1000/1245...
      frame 1100/1245...
      frame 1200/1245...
  ℹ 1124/1245 frames sin material en la línea (guardados como NaN, eje temporal completo)
  💾 Guardado: viga250_m93-toma-1-n-0000-car-05-piv_completo_mag.npz

=======================================================
  m93-toma-2-n-0000-car-05-piv
  🔨 L/m93-toma-2-n-0000-car-05-piv  (1245 frames) [proyección]
      frame 0/1245...
      frame 100/1245...
      frame 200/1245...
      frame 300/1245...
      frame 400/1245...
      frame 500/1245...
      frame 600/1245...
      frame 700/1245...
      frame 800/1245...
      frame 900/1245...
      frame 1000/1245...
      frame 1100/1245...
      frame 1200/1245...
  ℹ NaN residual en frames con material:  0.0% (huecos > 3 pts no rellenados)
  💾 Guardado: m93-toma-2-n-0000-car-05-piv_completo.npz
  🔨 L/m93-toma-2-n-0000-car-05-piv  (1245 frames) [magnitud]
      frame 0/1245...
      frame 100/1245...
      frame 200/1245...
      frame 300/1245...
      frame 400/1245...
      frame 500/1245...
      frame 600/1245...
      frame 700/1245...
      frame 800/1245...
      frame 900/1245...
      frame 1000/1245...
      frame 1100/1245...
      frame 1200/1245...
  ℹ NaN residual en frames con material:  0.0% (huecos > 3 pts no rellenados)
  💾 Guardado: m93-toma-2-n-0000-car-05-piv_completo_mag.npz
  🔨 viga175/m93-toma-2-n-0000-car-05-piv  (1245 frames) [proyección]
      frame 0/1245...
      frame 100/1245...
      frame 200/1245...
      frame 300/1245...
      frame 400/1245...
      frame 500/1245...
      frame 600/1245...
      frame 700/1245...
      frame 800/1245...
      frame 900/1245...
      frame 1000/1245...
      frame 1100/1245...
      frame 1200/1245...
  ℹ 125/1245 frames sin material en la línea (guardados como NaN, eje temporal completo)
  💾 Guardado: viga175_m93-toma-2-n-0000-car-05-piv_completo.npz
  🔨 viga175/m93-toma-2-n-0000-car-05-piv  (1245 frames) [magnitud]
      frame 0/1245...
      frame 100/1245...
      frame 200/1245...
      frame 300/1245...
      frame 400/1245...
      frame 500/1245...
      frame 600/1245...
      frame 700/1245...
      frame 800/1245...
      frame 900/1245...
      frame 1000/1245...
      frame 1100/1245...
      frame 1200/1245...
  ℹ 125/1245 frames sin material en la línea (guardados como NaN, eje temporal completo)
  💾 Guardado: viga175_m93-toma-2-n-0000-car-05-piv_completo_mag.npz
  🔨 viga250/m93-toma-2-n-0000-car-05-piv  (1245 frames) [proyección]
      frame 0/1245...
      frame 100/1245...
      frame 200/1245...
      frame 300/1245...
      frame 400/1245...
      frame 500/1245...
      frame 600/1245...
      frame 700/1245...
      frame 800/1245...
      frame 900/1245...
      frame 1000/1245...
      frame 1100/1245...
      frame 1200/1245...
  ℹ 339/1245 frames sin material en la línea (guardados como NaN, eje temporal completo)
  💾 Guardado: viga250_m93-toma-2-n-0000-car-05-piv_completo.npz
  🔨 viga250/m93-toma-2-n-0000-car-05-piv  (1245 frames) [magnitud]
      frame 0/1245...
      frame 100/1245...
      frame 200/1245...
      frame 300/1245...
      frame 400/1245...
      frame 500/1245...
      frame 600/1245...
      frame 700/1245...
      frame 800/1245...
      frame 900/1245...
      frame 1000/1245...
      frame 1100/1245...
      frame 1200/1245...
  ℹ 339/1245 frames sin material en la línea (guardados como NaN, eje temporal completo)
  💾 Guardado: viga250_m93-toma-2-n-0000-car-05-piv_completo_mag.npz

=======================================================
  m94-toma-2-n-1500-car-05-piv
  🔨 L/m94-toma-2-n-1500-car-05-piv  (1245 frames) [proyección]
      frame 0/1245...
      frame 100/1245...
      frame 200/1245...
      frame 300/1245...
      frame 400/1245...
      frame 500/1245...
      frame 600/1245...
      frame 700/1245...
      frame 800/1245...
      frame 900/1245...
      frame 1000/1245...
      frame 1100/1245...
      frame 1200/1245...
  ℹ NaN residual en frames con material:  0.0% (huecos > 3 pts no rellenados)
  💾 Guardado: m94-toma-2-n-1500-car-05-piv_completo.npz
  🔨 L/m94-toma-2-n-1500-car-05-piv  (1245 frames) [magnitud]
      frame 0/1245...
      frame 100/1245...
      frame 200/1245...
      frame 300/1245...
      frame 400/1245...
      frame 500/1245...
      frame 600/1245...
      frame 700/1245...
      frame 800/1245...
      frame 900/1245...
      frame 1000/1245...
      frame 1100/1245...
      frame 1200/1245...
  ℹ NaN residual en frames con material:  0.0% (huecos > 3 pts no rellenados)
  💾 Guardado: m94-toma-2-n-1500-car-05-piv_completo_mag.npz
  🔨 viga175/m94-toma-2-n-1500-car-05-piv  (1245 frames) [proyección]
      frame 0/1245...
      frame 100/1245...
      frame 200/1245...
      frame 300/1245...
      frame 400/1245...
      frame 500/1245...
      frame 600/1245...
      frame 700/1245...
      frame 800/1245...
      frame 900/1245...
      frame 1000/1245...
      frame 1100/1245...
      frame 1200/1245...
  ℹ 117/1245 frames sin material en la línea (guardados como NaN, eje temporal completo)
  💾 Guardado: viga175_m94-toma-2-n-1500-car-05-piv_completo.npz
  🔨 viga175/m94-toma-2-n-1500-car-05-piv  (1245 frames) [magnitud]
      frame 0/1245...
      frame 100/1245...
      frame 200/1245...
      frame 300/1245...
      frame 400/1245...
      frame 500/1245...
      frame 600/1245...
      frame 700/1245...
      frame 800/1245...
      frame 900/1245...
      frame 1000/1245...
      frame 1100/1245...
      frame 1200/1245...
  ℹ 117/1245 frames sin material en la línea (guardados como NaN, eje temporal completo)
  💾 Guardado: viga175_m94-toma-2-n-1500-car-05-piv_completo_mag.npz
  🔨 viga250/m94-toma-2-n-1500-car-05-piv  (1245 frames) [proyección]
      frame 0/1245...
      frame 100/1245...
      frame 200/1245...
      frame 300/1245...
      frame 400/1245...
      frame 500/1245...
      frame 600/1245...
      frame 700/1245...
      frame 800/1245...
      frame 900/1245...
      frame 1000/1245...
      frame 1100/1245...
      frame 1200/1245...
  ℹ 443/1245 frames sin material en la línea (guardados como NaN, eje temporal completo)
  💾 Guardado: viga250_m94-toma-2-n-1500-car-05-piv_completo.npz
  🔨 viga250/m94-toma-2-n-1500-car-05-piv  (1245 frames) [magnitud]
      frame 0/1245...
      frame 100/1245...
      frame 200/1245...
      frame 300/1245...
      frame 400/1245...
      frame 500/1245...
      frame 600/1245...
      frame 700/1245...
      frame 800/1245...
      frame 900/1245...
      frame 1000/1245...
      frame 1100/1245...
      frame 1200/1245...
  ℹ 443/1245 frames sin material en la línea (guardados como NaN, eje temporal completo)
  💾 Guardado: viga250_m94-toma-2-n-1500-car-05-piv_completo_mag.npz

=======================================================
  m95-toma-2-n-1500-car-05-piv
  🔨 L/m95-toma-2-n-1500-car-05-piv  (1245 frames) [proyección]
      frame 0/1245...
      frame 100/1245...
      frame 200/1245...
      frame 300/1245...
      frame 400/1245...
      frame 500/1245...
      frame 600/1245...
      frame 700/1245...
      frame 800/1245...
      frame 900/1245...
      frame 1000/1245...
      frame 1100/1245...
      frame 1200/1245...
  ℹ NaN residual en frames con material:  0.0% (huecos > 3 pts no rellenados)
  💾 Guardado: m95-toma-2-n-1500-car-05-piv_completo.npz
  🔨 L/m95-toma-2-n-1500-car-05-piv  (1245 frames) [magnitud]
      frame 0/1245...
      frame 100/1245...
      frame 200/1245...
      frame 300/1245...
      frame 400/1245...
      frame 500/1245...
      frame 600/1245...
      frame 700/1245...
      frame 800/1245...
      frame 900/1245...
      frame 1000/1245...
      frame 1100/1245...
      frame 1200/1245...
  ℹ NaN residual en frames con material:  0.0% (huecos > 3 pts no rellenados)
  💾 Guardado: m95-toma-2-n-1500-car-05-piv_completo_mag.npz
  🔨 viga175/m95-toma-2-n-1500-car-05-piv  (1245 frames) [proyección]
      frame 0/1245...
      frame 100/1245...
      frame 200/1245...
      frame 300/1245...
      frame 400/1245...
      frame 500/1245...
      frame 600/1245...
      frame 700/1245...
      frame 800/1245...
      frame 900/1245...
      frame 1000/1245...
      frame 1100/1245...
      frame 1200/1245...
  ℹ 115/1245 frames sin material en la línea (guardados como NaN, eje temporal completo)
  💾 Guardado: viga175_m95-toma-2-n-1500-car-05-piv_completo.npz
  🔨 viga175/m95-toma-2-n-1500-car-05-piv  (1245 frames) [magnitud]
      frame 0/1245...
      frame 100/1245...
      frame 200/1245...
      frame 300/1245...
      frame 400/1245...
      frame 500/1245...
      frame 600/1245...
      frame 700/1245...
      frame 800/1245...
      frame 900/1245...
      frame 1000/1245...
      frame 1100/1245...
      frame 1200/1245...
  ℹ 115/1245 frames sin material en la línea (guardados como NaN, eje temporal completo)
  💾 Guardado: viga175_m95-toma-2-n-1500-car-05-piv_completo_mag.npz
  🔨 viga250/m95-toma-2-n-1500-car-05-piv  (1245 frames) [proyección]
      frame 0/1245...
      frame 100/1245...
      frame 200/1245...
      frame 300/1245...
      frame 400/1245...
      frame 500/1245...
      frame 600/1245...
      frame 700/1245...
      frame 800/1245...
      frame 900/1245...
      frame 1000/1245...
      frame 1100/1245...
      frame 1200/1245...
  ℹ 297/1245 frames sin material en la línea (guardados como NaN, eje temporal completo)
  💾 Guardado: viga250_m95-toma-2-n-1500-car-05-piv_completo.npz
  🔨 viga250/m95-toma-2-n-1500-car-05-piv  (1245 frames) [magnitud]
      frame 0/1245...
      frame 100/1245...
      frame 200/1245...
      frame 300/1245...
      frame 400/1245...
      frame 500/1245...
      frame 600/1245...
      frame 700/1245...
      frame 800/1245...
      frame 900/1245...
      frame 1000/1245...
      frame 1100/1245...
      frame 1200/1245...
  ℹ 297/1245 frames sin material en la línea (guardados como NaN, eje temporal completo)
  💾 Guardado: viga250_m95-toma-2-n-1500-car-05-piv_completo_mag.npz
WNDPROC return value cannot be converted to LRESULT
TypeError: WPARAM is simple, so must be an int object (got NoneType)

✅ Listo. Cachés en: cache_completo

----- return code: 0 -----
