$ C:\Users\elisa\AppData\Local\Programs\Python\Python313\python.exe construir_caches_zonas.py
(cwd=C:\Users\elisa\Desktop\PIV MEMORIA)

C:\Users\elisa\AppData\Local\Programs\Python\Python313\Lib\site-packages\win10toast\__init__.py:15: UserWarning: pkg_resources is deprecated as an API. See https://setuptools.pypa.io/en/latest/pkg_resources.html. The pkg_resources package is slated for removal as early as 2025-11-30. Refrain from using this package or pin to Setuptools<81.
  from pkg_resources import Requirement
Carpetas encontradas: 20


=======================================================
  m70-toma-2-n-3000-car-02-piv
  🔨 m70-toma-2-n-3000-car-02-piv  (665 frames)
      frame 0/665...
      frame 100/665...
      frame 200/665...
      frame 300/665...
      frame 400/665...
      frame 500/665...
      frame 600/665...
  💾 Guardado: m70-toma-2-n-3000-car-02-piv_zonas.npz  (3,394,761 puntos)

=======================================================
  m71-toma-1-n-0000-car-02-piv
  🔨 m71-toma-1-n-0000-car-02-piv  (665 frames)
      frame 0/665...
      frame 100/665...
      frame 200/665...
      frame 300/665...
      frame 400/665...
      frame 500/665...
      frame 600/665...
  💾 Guardado: m71-toma-1-n-0000-car-02-piv_zonas.npz  (3,223,438 puntos)

=======================================================
  m71-toma-2-n-0000-car-02-piv
  🔨 m71-toma-2-n-0000-car-02-piv  (665 frames)
      frame 0/665...
      frame 100/665...
      frame 200/665...
      frame 300/665...
      frame 400/665...
      frame 500/665...
      frame 600/665...
  💾 Guardado: m71-toma-2-n-0000-car-02-piv_zonas.npz  (3,358,692 puntos)

=======================================================
  m73-toma-2-n-1500-car-02-piv
  🔨 m73-toma-2-n-1500-car-02-piv  (665 frames)
      frame 0/665...
      frame 100/665...
      frame 200/665...
      frame 300/665...
      frame 400/665...
      frame 500/665...
      frame 600/665...
  💾 Guardado: m73-toma-2-n-1500-car-02-piv_zonas.npz  (3,153,530 puntos)

=======================================================
  m74-toma-2-n-0750-car-02-piv
  🔨 m74-toma-2-n-0750-car-02-piv  (665 frames)
      frame 0/665...
      frame 100/665...
      frame 200/665...
      frame 300/665...
      frame 400/665...
      frame 500/665...
      frame 600/665...
  💾 Guardado: m74-toma-2-n-0750-car-02-piv_zonas.npz  (3,225,020 puntos)

=======================================================
  m75-toma-2-n-0750-car-02-piv
  🔨 m75-toma-2-n-0750-car-02-piv  (665 frames)
      frame 0/665...
      frame 100/665...
      frame 200/665...
      frame 300/665...
      frame 400/665...
      frame 500/665...
      frame 600/665...
  💾 Guardado: m75-toma-2-n-0750-car-02-piv_zonas.npz  (3,034,749 puntos)

=======================================================
  m77-toma-2-n-1500-car-02-piv
  🔨 m77-toma-2-n-1500-car-02-piv  (665 frames)
      frame 0/665...
      frame 100/665...
      frame 200/665...
      frame 300/665...
      frame 400/665...
      frame 500/665...
      frame 600/665...
  💾 Guardado: m77-toma-2-n-1500-car-02-piv_zonas.npz  (2,972,579 puntos)

=======================================================
  m80-toma-2-n-3000-car-02-piv
  🔨 m80-toma-2-n-3000-car-02-piv  (665 frames)
      frame 0/665...
      frame 100/665...
      frame 200/665...
      frame 300/665...
      frame 400/665...
      frame 500/665...
      frame 600/665...
  💾 Guardado: m80-toma-2-n-3000-car-02-piv_zonas.npz  (2,974,148 puntos)

=======================================================
  m82-toma-1-n-0000-car-02-piv
  🔨 m82-toma-1-n-0000-car-02-piv  (665 frames)
      frame 0/665...
      frame 100/665...
      frame 200/665...
      frame 300/665...
      frame 400/665...
      frame 500/665...
      frame 600/665...
  💾 Guardado: m82-toma-1-n-0000-car-02-piv_zonas.npz  (3,344,317 puntos)

=======================================================
  m82-toma-2-n-0000-car-02-piv
  🔨 m82-toma-2-n-0000-car-02-piv  (665 frames)
      frame 0/665...
      frame 100/665...
      frame 200/665...
      frame 300/665...
      frame 400/665...
      frame 500/665...
      frame 600/665...
  💾 Guardado: m82-toma-2-n-0000-car-02-piv_zonas.npz  (3,040,852 puntos)

=======================================================
  m83-toma-2-n-3000-car-05-piv
  🔨 m83-toma-2-n-3000-car-05-piv  (1245 frames)
      frame 0/1245...
      frame 100/1245...
      frame 200/1245...
      frame 300/1245...
      frame 400/1245...
      frame 500/1245...
      frame 600/1245...
      frame 700/1245...
      frame 800/1245...
      frame 900/1245...
      frame 1000/1245...
      frame 1100/1245...
      frame 1200/1245...
  💾 Guardado: m83-toma-2-n-3000-car-05-piv_zonas.npz  (11,099,225 puntos)

=======================================================
  m86-toma-2-n-0750-car-05-piv
  🔨 m86-toma-2-n-0750-car-05-piv  (1245 frames)
      frame 0/1245...
      frame 100/1245...
      frame 200/1245...
      frame 300/1245...
      frame 400/1245...
      frame 500/1245...
      frame 600/1245...
      frame 700/1245...
      frame 800/1245...
      frame 900/1245...
      frame 1000/1245...
      frame 1100/1245...
      frame 1200/1245...
  💾 Guardado: m86-toma-2-n-0750-car-05-piv_zonas.npz  (10,727,490 puntos)

=======================================================
  m87-toma-2-n-0750-car-05-piv
  🔨 m87-toma-2-n-0750-car-05-piv  (1245 frames)
      frame 0/1245...
      frame 100/1245...
      frame 200/1245...
      frame 300/1245...
      frame 400/1245...
      frame 500/1245...
      frame 600/1245...
      frame 700/1245...
      frame 800/1245...
      frame 900/1245...
      frame 1000/1245...
      frame 1100/1245...
      frame 1200/1245...
  💾 Guardado: m87-toma-2-n-0750-car-05-piv_zonas.npz  (10,671,765 puntos)

=======================================================
  m91-toma-2-n-3000-car-05-piv
  🔨 m91-toma-2-n-3000-car-05-piv  (1245 frames)
      frame 0/1245...
      frame 100/1245...
      frame 200/1245...
      frame 300/1245...
      frame 400/1245...
      frame 500/1245...
      frame 600/1245...
      frame 700/1245...
      frame 800/1245...
      frame 900/1245...
      frame 1000/1245...
      frame 1100/1245...
      frame 1200/1245...
  💾 Guardado: m91-toma-2-n-3000-car-05-piv_zonas.npz  (10,716,405 puntos)

=======================================================
  m92-toma-1-n-0000-car-05-piv
  🔨 m92-toma-1-n-0000-car-05-piv  (1245 frames)
      frame 0/1245...
      frame 100/1245...
      frame 200/1245...
      frame 300/1245...
      frame 400/1245...
      frame 500/1245...
      frame 600/1245...
      frame 700/1245...
      frame 800/1245...
      frame 900/1245...
      frame 1000/1245...
      frame 1100/1245...
      frame 1200/1245...
  💾 Guardado: m92-toma-1-n-0000-car-05-piv_zonas.npz  (10,561,218 puntos)

=======================================================
  m92-toma-2-n-0000-car-05-piv
  🔨 m92-toma-2-n-0000-car-05-piv  (1245 frames)
      frame 0/1245...
      frame 100/1245...
      frame 200/1245...
      frame 300/1245...
      frame 400/1245...
      frame 500/1245...
      frame 600/1245...
      frame 700/1245...
      frame 800/1245...
      frame 900/1245...
      frame 1000/1245...
      frame 1100/1245...
      frame 1200/1245...
  💾 Guardado: m92-toma-2-n-0000-car-05-piv_zonas.npz  (10,536,830 puntos)

=======================================================
  m93-toma-1-n-0000-car-05-piv  (omitida por filtro)

=======================================================
  m93-toma-2-n-0000-car-05-piv
  🔨 m93-toma-2-n-0000-car-05-piv  (1245 frames)
      frame 0/1245...
      frame 100/1245...
      frame 200/1245...
      frame 300/1245...
      frame 400/1245...
      frame 500/1245...
      frame 600/1245...
      frame 700/1245...
      frame 800/1245...
      frame 900/1245...
      frame 1000/1245...
      frame 1100/1245...
      frame 1200/1245...
  💾 Guardado: m93-toma-2-n-0000-car-05-piv_zonas.npz  (10,794,421 puntos)

=======================================================
  m94-toma-2-n-1500-car-05-piv
  🔨 m94-toma-2-n-1500-car-05-piv  (1245 frames)
      frame 0/1245...
      frame 100/1245...
      frame 200/1245...
      frame 300/1245...
      frame 400/1245...
      frame 500/1245...
      frame 600/1245...
      frame 700/1245...
      frame 800/1245...
      frame 900/1245...
      frame 1000/1245...
      frame 1100/1245...
      frame 1200/1245...
  💾 Guardado: m94-toma-2-n-1500-car-05-piv_zonas.npz  (10,109,287 puntos)

=======================================================
  m95-toma-2-n-1500-car-05-piv
  🔨 m95-toma-2-n-1500-car-05-piv  (1245 frames)
      frame 0/1245...
      frame 100/1245...
      frame 200/1245...
      frame 300/1245...
      frame 400/1245...
      frame 500/1245...
      frame 600/1245...
      frame 700/1245...
      frame 800/1245...
      frame 900/1245...
      frame 1000/1245...
      frame 1100/1245...
      frame 1200/1245...
  💾 Guardado: m95-toma-2-n-1500-car-05-piv_zonas.npz  (11,196,399 puntos)
WNDPROC return value cannot be converted to LRESULT
TypeError: WPARAM is simple, so must be an int object (got NoneType)

✅ Listo. Cachés en: cache_zonas

----- return code: 0 -----
