$ C:\Users\elisa\AppData\Local\Programs\Python\Python313\python.exe esp_overlay_piv_ptv.py
(cwd=C:\Users\elisa\Desktop\PIV MEMORIA)

C:\Users\elisa\AppData\Local\Programs\Python\Python313\Lib\site-packages\win10toast\__init__.py:15: UserWarning: pkg_resources is deprecated as an API. See https://setuptools.pypa.io/en/latest/pkg_resources.html. The pkg_resources package is slated for removal as early as 2025-11-30. Refrain from using this package or pin to Setuptools<81.
  from pkg_resources import Requirement

=== car-02_n-0750  |  zona L ===
  car-02_n-0750: 2 toma(s) → campo medio (665, 48)
  [Verificacion de ejes]
    PIV t: [0.000, 19.967] s, 665 instantes
    PTV t: [0.327, 20.323] s, 1623 instantes unicos
    PIV s: [0.00, 20.78] mm   PTV s: [0.91, 20.70] mm
    62 obs PTV fuera de la ventana temporal PIV (descartadas)
    PTV dibujado: 6293 obs
    PTV tras recorte P5-P95: 5663 obs
  OK -> overlay_car-02_n-0750_L.png
  OK -> diferencia_car-02_n-0750_L.png

=== car-02_n-0750  |  zona viga175 ===
  car-02_n-0750: 2 toma(s) → campo medio (665, 75)
  [Verificacion de ejes]
    PIV t: [0.000, 19.967] s, 665 instantes
    PTV t: [0.327, 20.323] s, 1790 instantes unicos
    PIV s: [0.00, 75.00] mm   PTV s: [0.00, 63.47] mm
    515 obs PTV fuera de la ventana temporal PIV (descartadas)
    192 obs PTV sobre celdas PIV=NaN (descartadas)
    PTV dibujado: 50758 obs
    PTV tras recorte P5-P95: 45682 obs
  OK -> overlay_car-02_n-0750_viga175.png
  OK -> diferencia_car-02_n-0750_viga175.png

=== car-02_n-0750  |  zona viga250 ===
  car-02_n-0750: 2 toma(s) → campo medio (665, 75)
  [Verificacion de ejes]
    PIV t: [0.000, 19.967] s, 665 instantes
    PTV t: [0.955, 20.323] s, 1658 instantes unicos
    PIV s: [0.00, 75.00] mm   PTV s: [0.00, 42.26] mm
    330 obs PTV fuera de la ventana temporal PIV (descartadas)
    102 obs PTV sobre celdas PIV=NaN (descartadas)
    PTV dibujado: 31452 obs
    PTV tras recorte P5-P95: 28306 obs
  OK -> overlay_car-02_n-0750_viga250.png
  OK -> diferencia_car-02_n-0750_viga250.png

=== car-02_n-1500  |  zona L ===
  car-02_n-1500: 2 toma(s) → campo medio (665, 48)
  [Verificacion de ejes]
    PIV t: [0.000, 19.967] s, 665 instantes
    PTV t: [0.341, 21.391] s, 1445 instantes unicos
    PIV s: [0.00, 20.78] mm   PTV s: [1.12, 20.78] mm
    109 obs PTV fuera de la ventana temporal PIV (descartadas)
    PTV dibujado: 7335 obs
    PTV tras recorte P5-P95: 6601 obs
  OK -> overlay_car-02_n-1500_L.png
  OK -> diferencia_car-02_n-1500_L.png

=== car-02_n-1500  |  zona viga175 ===
  car-02_n-1500: 2 toma(s) → campo medio (665, 75)
  [Verificacion de ejes]
    PIV t: [0.000, 19.967] s, 665 instantes
    PTV t: [0.505, 21.391] s, 1522 instantes unicos
    PIV s: [0.00, 75.00] mm   PTV s: [0.01, 68.34] mm
    1460 obs PTV fuera de la ventana temporal PIV (descartadas)
    17 obs PTV sobre celdas PIV=NaN (descartadas)
    PTV dibujado: 47457 obs
    PTV tras recorte P5-P95: 42712 obs
  OK -> overlay_car-02_n-1500_viga175.png
  OK -> diferencia_car-02_n-1500_viga175.png

=== car-02_n-1500  |  zona viga250 ===
  car-02_n-1500: 2 toma(s) → campo medio (665, 75)
  [Verificacion de ejes]
    PIV t: [0.000, 19.967] s, 665 instantes
    PTV t: [0.482, 21.391] s, 1481 instantes unicos
    PIV s: [0.00, 75.00] mm   PTV s: [0.00, 44.92] mm
    1151 obs PTV fuera de la ventana temporal PIV (descartadas)
    34 obs PTV sobre celdas PIV=NaN (descartadas)
    PTV dibujado: 36849 obs
    PTV tras recorte P5-P95: 33163 obs
  OK -> overlay_car-02_n-1500_viga250.png
  OK -> diferencia_car-02_n-1500_viga250.png

=== car-02_n-3000  |  zona L ===
  car-02_n-3000: 2 toma(s) → campo medio (665, 48)
  [Verificacion de ejes]
    PIV t: [0.000, 19.967] s, 665 instantes
    PTV t: [0.614, 20.609] s, 1688 instantes unicos
    PIV s: [0.00, 20.78] mm   PTV s: [0.92, 20.78] mm
    286 obs PTV fuera de la ventana temporal PIV (descartadas)
    PTV dibujado: 7231 obs
    PTV tras recorte P5-P95: 6507 obs
  OK -> overlay_car-02_n-3000_L.png
  OK -> diferencia_car-02_n-3000_L.png

=== car-02_n-3000  |  zona viga175 ===
  car-02_n-3000: 2 toma(s) → campo medio (665, 75)
  [Verificacion de ejes]
    PIV t: [0.000, 19.967] s, 665 instantes
    PTV t: [0.736, 20.609] s, 1731 instantes unicos
    PIV s: [0.00, 75.00] mm   PTV s: [0.00, 66.38] mm
    725 obs PTV fuera de la ventana temporal PIV (descartadas)
    90 obs PTV sobre celdas PIV=NaN (descartadas)
    PTV dibujado: 30771 obs
    PTV tras recorte P5-P95: 27693 obs
  OK -> overlay_car-02_n-3000_viga175.png
  OK -> diferencia_car-02_n-3000_viga175.png

=== car-02_n-3000  |  zona viga250 ===
  car-02_n-3000: 2 toma(s) → campo medio (665, 75)
  [Verificacion de ejes]
    PIV t: [0.000, 19.967] s, 665 instantes
    PTV t: [0.614, 20.609] s, 1712 instantes unicos
    PIV s: [0.00, 75.00] mm   PTV s: [0.01, 45.10] mm
    649 obs PTV fuera de la ventana temporal PIV (descartadas)
    75 obs PTV sobre celdas PIV=NaN (descartadas)
    PTV dibujado: 32561 obs
    PTV tras recorte P5-P95: 29305 obs
  OK -> overlay_car-02_n-3000_viga250.png
  OK -> diferencia_car-02_n-3000_viga250.png

=== car-05_n-0750  |  zona L ===
  car-05_n-0750: 2 toma(s) → campo medio (1245, 48)
  [Verificacion de ejes]
    PIV t: [0.000, 39.967] s, 1245 instantes
    PTV t: [1.036, 40.995] s, 1340 instantes unicos
    PIV s: [0.00, 20.78] mm   PTV s: [1.21, 20.77] mm
    9 obs PTV fuera de la ventana temporal PIV (descartadas)
    PTV dibujado: 4034 obs
    PTV tras recorte P5-P95: 3630 obs
  OK -> overlay_car-05_n-0750_L.png
  OK -> diferencia_car-05_n-0750_L.png

=== car-05_n-0750  |  zona viga175 ===
  car-05_n-0750: 2 toma(s) → campo medio (1245, 75)
  [Verificacion de ejes]
    PIV t: [0.000, 39.967] s, 1245 instantes
    PTV t: [1.100, 41.023] s, 1345 instantes unicos
    PIV s: [0.00, 75.00] mm   PTV s: [0.01, 64.56] mm
    678 obs PTV fuera de la ventana temporal PIV (descartadas)
    80 obs PTV sobre celdas PIV=NaN (descartadas)
    PTV dibujado: 21544 obs
    PTV tras recorte P5-P95: 19388 obs
  OK -> overlay_car-05_n-0750_viga175.png
  OK -> diferencia_car-05_n-0750_viga175.png

=== car-05_n-0750  |  zona viga250 ===
  car-05_n-0750: 2 toma(s) → campo medio (1245, 75)
  [Verificacion de ejes]
    PIV t: [0.000, 39.967] s, 1245 instantes
    PTV t: [9.559, 41.023] s, 797 instantes unicos
    PIV s: [0.00, 75.00] mm   PTV s: [0.02, 36.96] mm
    394 obs PTV fuera de la ventana temporal PIV (descartadas)
    27 obs PTV sobre celdas PIV=NaN (descartadas)
    PTV dibujado: 7473 obs
    PTV tras recorte P5-P95: 6725 obs
  OK -> overlay_car-05_n-0750_viga250.png
  OK -> diferencia_car-05_n-0750_viga250.png

=== car-05_n-1500  |  zona L ===
  car-05_n-1500: 2 toma(s) → campo medio (1245, 48)
  [Verificacion de ejes]
    PIV t: [0.000, 39.967] s, 1245 instantes
    PTV t: [0.764, 41.041] s, 1463 instantes unicos
    PIV s: [0.00, 20.78] mm   PTV s: [1.01, 20.73] mm
    50 obs PTV fuera de la ventana temporal PIV (descartadas)
    PTV dibujado: 5264 obs
    PTV tras recorte P5-P95: 4736 obs
  OK -> overlay_car-05_n-1500_L.png
  OK -> diferencia_car-05_n-1500_L.png

=== car-05_n-1500  |  zona viga175 ===
  car-05_n-1500: 2 toma(s) → campo medio (1245, 75)
  [Verificacion de ejes]
    PIV t: [0.000, 39.967] s, 1245 instantes
    PTV t: [0.764, 41.041] s, 1369 instantes unicos
    PIV s: [0.00, 75.00] mm   PTV s: [0.01, 61.62] mm
    716 obs PTV fuera de la ventana temporal PIV (descartadas)
    219 obs PTV sobre celdas PIV=NaN (descartadas)
    PTV dibujado: 20907 obs
    PTV tras recorte P5-P95: 18816 obs
  OK -> overlay_car-05_n-1500_viga175.png
  OK -> diferencia_car-05_n-1500_viga175.png

=== car-05_n-1500  |  zona viga250 ===
  car-05_n-1500: 2 toma(s) → campo medio (1245, 75)
  [Verificacion de ejes]
    PIV t: [0.000, 39.967] s, 1245 instantes
    PTV t: [11.486, 41.041] s, 801 instantes unicos
    PIV s: [0.00, 75.00] mm   PTV s: [0.00, 38.89] mm
    255 obs PTV fuera de la ventana temporal PIV (descartadas)
    1 obs PTV sobre celdas PIV=NaN (descartadas)
    PTV dibujado: 5481 obs
    PTV tras recorte P5-P95: 4933 obs
  OK -> overlay_car-05_n-1500_viga250.png
  OK -> diferencia_car-05_n-1500_viga250.png

=== car-05_n-3000  |  zona L ===
  car-05_n-3000: 2 toma(s) → campo medio (1245, 48)
  [Verificacion de ejes]
    PIV t: [0.000, 39.967] s, 1245 instantes
    PTV t: [0.736, 41.259] s, 1625 instantes unicos
    PIV s: [0.00, 20.78] mm   PTV s: [0.85, 20.74] mm
    32 obs PTV fuera de la ventana temporal PIV (descartadas)
    PTV dibujado: 4780 obs
    PTV tras recorte P5-P95: 4302 obs
  OK -> overlay_car-05_n-3000_L.png
  OK -> diferencia_car-05_n-3000_L.png

=== car-05_n-3000  |  zona viga175 ===
  car-05_n-3000: 2 toma(s) → campo medio (1245, 75)
  [Verificacion de ejes]
    PIV t: [0.000, 39.967] s, 1245 instantes
    PTV t: [1.209, 41.259] s, 1328 instantes unicos
    PIV s: [0.00, 75.00] mm   PTV s: [0.01, 63.81] mm
    517 obs PTV fuera de la ventana temporal PIV (descartadas)
    94 obs PTV sobre celdas PIV=NaN (descartadas)
    PTV dibujado: 14547 obs
    PTV tras recorte P5-P95: 13091 obs
  OK -> overlay_car-05_n-3000_viga175.png
  OK -> diferencia_car-05_n-3000_viga175.png

=== car-05_n-3000  |  zona viga250 ===
  car-05_n-3000: 2 toma(s) → campo medio (1245, 75)
  [Verificacion de ejes]
    PIV t: [0.000, 39.967] s, 1245 instantes
    PTV t: [0.745, 41.259] s, 1002 instantes unicos
    PIV s: [0.00, 75.00] mm   PTV s: [0.04, 47.97] mm
    150 obs PTV fuera de la ventana temporal PIV (descartadas)
    440 obs PTV sobre celdas PIV=NaN (descartadas)
    PTV dibujado: 3528 obs
    PTV tras recorte P5-P95: 3175 obs
  OK -> overlay_car-05_n-3000_viga250.png
  OK -> diferencia_car-05_n-3000_viga250.png

Listo. Resultados en: Esp_PIV-PTV/Overlay

----- return code: 0 -----
